<?xml version="1.0" encoding="UTF-8"?>
<!-- Generated by org.testng.reporters.JUnitReportReporter -->
<testsuite hostname="DESKTOP-5MUK57H" failures="0" tests="2" name="testng.PracticeConfigureAnnota" time="0.020" errors="0" timestamp="2025-01-20T13:31:08 IST" skipped="0">
  <testcase classname="testng.PracticeConfigureAnnota" name="mm" time="0.005"/>
  <testcase classname="testng.PracticeConfigureAnnota" name="amm" time="0.015"/>
</testsuite> <!-- testng.PracticeConfigureAnnota -->
