<?xml version="1.0" encoding="UTF-8"?>
<!-- Generated by org.testng.reporters.JUnitReportReporter -->
<testsuite hostname="DESKTOP-5MUK57H" failures="0" tests="4" name="testng.Practicetest" time="0.031" errors="0" timestamp="2025-01-17T16:27:52 IST" skipped="0">
  <testcase classname="testng.Practicetest" name="recreateTest" time="0.016"/>
  <testcase classname="testng.Practicetest" name="modifyTest" time="0.005"/>
  <testcase classname="testng.Practicetest" name="deleteTest" time="0.005"/>
  <testcase classname="testng.Practicetest" name="CreateTest" time="0.005"/>
</testsuite> <!-- testng.Practicetest -->
