<?xml version="1.0" encoding="UTF-8"?>
<!-- Generated by org.testng.reporters.JUnitReportReporter -->
<testsuite hostname="DESKTOP-5MUK57H" failures="0" tests="3" name="testng.Createcontact_test" time="0.028" errors="0" timestamp="2025-01-18T17:20:00 IST" skipped="0">
  <testcase classname="testng.Createcontact_test" name="createContactDpTest" time="0.021"/>
  <testcase classname="testng.Createcontact_test" name="createContactDpTest" time="0.003"/>
  <testcase classname="testng.Createcontact_test" name="createContactDpTest" time="0.004"/>
</testsuite> <!-- testng.Createcontact_test -->
