<?xml version="1.0" encoding="UTF-8"?>
<!-- Generated by org.testng.reporters.JUnitReportReporter -->
<testsuite hostname="DESKTOP-5MUK57H" failures="0" tests="1" name="dbc.Readdatabasedoncondition" time="0.592" errors="0" timestamp="2025-01-10T10:34:12 IST" skipped="0">
  <testcase classname="dbc.Readdatabasedoncondition" name="exep" time="0.592"/>
</testsuite> <!-- dbc.Readdatabasedoncondition -->
