<?xml version="1.0" encoding="UTF-8"?>
<!-- Generated by org.testng.reporters.JUnitReportReporter -->
<testsuite hostname="DESKTOP-5MUK57H" failures="0" tests="1" name="exml.Sampletest" time="10.380" errors="0" timestamp="2025-01-09T12:19:39 IST" skipped="0">
  <testcase classname="exml.Sampletest" name="param" time="10.380"/>
</testsuite> <!-- exml.Sampletest -->
