<?xml version="1.0" encoding="UTF-8"?>
<!-- Generated by org.testng.reporters.JUnitReportReporter -->
<testsuite hostname="DESKTOP-5MUK57H" failures="0" tests="1" name="testng.Ss" time="3.785" errors="0" timestamp="2025-01-21T17:19:15 IST" skipped="0">
  <testcase classname="testng.Ss" name="screenshotTest" time="3.785"/>
</testsuite> <!-- testng.Ss -->
