<?xml version="1.0" encoding="UTF-8"?>
<!-- Generated by org.testng.reporters.JUnitReportReporter -->
<testsuite hostname="DESKTOP-5MUK57H" failures="0" tests="1" name="dbc.Task" time="6.183" errors="0" timestamp="2025-01-10T12:30:10 IST" skipped="0">
  <testcase classname="dbc.Task" name="ninja" time="6.183"/>
</testsuite> <!-- dbc.Task -->
