<?xml version="1.0" encoding="UTF-8"?>
<!-- Generated by org.testng.reporters.JUnitReportReporter -->
<testsuite hostname="DESKTOP-5MUK57H" failures="0" tests="1" name="utility.Createcontactwithorganization" time="15.395" errors="0" timestamp="2025-01-11T15:11:47 IST" skipped="0">
  <testcase classname="utility.Createcontactwithorganization" name="vtgr" time="15.395"/>
</testsuite> <!-- utility.Createcontactwithorganization -->
